android/app/build/intermediates/manifest_merge_blame_file/release/manifest-merger-blame-release-report.txt
1<?xml version="1.0" encoding="utf-8"?>
2<manifest xmlns:android="http://schemas.android.com/apk/res/android"
3    package="com.parliamentary_app"
4    android:versionCode="1"
5    android:versionName="1.0" >
6
7    <uses-sdk
8        android:minSdkVersion="21"
8-->src\main\AndroidManifest.xml
9        android:targetSdkVersion="30" />
9-->src\main\AndroidManifest.xml
10
11    <uses-permission android:name="android.permission.INTERNET" />
11-->src\main\AndroidManifest.xml:4:5-67
11-->src\main\AndroidManifest.xml:4:22-64
12    <uses-permission android:name="android.permission.WRITE_EXTERNAL_STORAGE" />
12-->src\main\AndroidManifest.xml:5:6-81
12-->src\main\AndroidManifest.xml:5:23-79
13
14    <application
14-->src\main\AndroidManifest.xml:7:5-27:19
15        android:name="com.parliamentary_app.MainApplication"
15-->src\main\AndroidManifest.xml:8:7-38
16        android:allowBackup="false"
16-->src\main\AndroidManifest.xml:12:7-34
17        android:appComponentFactory="androidx.core.app.CoreComponentFactory"
17-->[androidx.core:core:1.5.0] AndroidManifest.xml:24:18-86
18        android:icon="@mipmap/ic_launcher"
18-->src\main\AndroidManifest.xml:10:7-41
19        android:label="@string/app_name"
19-->src\main\AndroidManifest.xml:9:7-39
20        android:networkSecurityConfig="@xml/network_security_config"
20-->src\main\AndroidManifest.xml:14:7-67
21        android:roundIcon="@mipmap/ic_launcher_round"
21-->src\main\AndroidManifest.xml:11:7-52
22        android:theme="@style/AppTheme"
22-->src\main\AndroidManifest.xml:15:7-38
23        android:usesCleartextTraffic="true" >
23-->src\main\AndroidManifest.xml:13:7-42
24        <activity
24-->src\main\AndroidManifest.xml:16:7-26:18
25            android:name="com.parliamentary_app.MainActivity"
25-->src\main\AndroidManifest.xml:17:9-37
26            android:configChanges="keyboard|keyboardHidden|orientation|screenSize|uiMode"
26-->src\main\AndroidManifest.xml:19:9-86
27            android:label="@string/app_name"
27-->src\main\AndroidManifest.xml:18:9-41
28            android:launchMode="singleTask"
28-->src\main\AndroidManifest.xml:20:9-40
29            android:windowSoftInputMode="adjustResize" >
29-->src\main\AndroidManifest.xml:21:9-51
30            <intent-filter>
30-->src\main\AndroidManifest.xml:22:9-25:25
31                <action android:name="android.intent.action.MAIN" />
31-->src\main\AndroidManifest.xml:23:13-65
31-->src\main\AndroidManifest.xml:23:21-62
32
33                <category android:name="android.intent.category.LAUNCHER" />
33-->src\main\AndroidManifest.xml:24:13-73
33-->src\main\AndroidManifest.xml:24:23-70
34            </intent-filter>
35        </activity>
36    </application>
37
38</manifest>